<?xml version="1.0" encoding="UTF-8"?>
<testsuite xmlns:xsi="http://www.w3.org/2001/XMLSchema-instance" xsi:noNamespaceSchemaLocation="https://maven.apache.org/surefire/maven-surefire-plugin/xsd/surefire-test-report-3.0.xsd" version="3.0" name="ua.lviv.iot.algo.part1.lab1.GardenTest" time="0.017" tests="8" errors="0" skipped="0" failures="0">
  <properties>
[...]
</properties>
  <testcase name="testHasVegetableGarden" classname="ua.lviv.iot.algo.part1.lab1.GardenTest" time="0.001"/>
  <testcase name="testGetNumberOfFlowers" classname="ua.lviv.iot.algo.part1.lab1.GardenTest" time="0.001"/>
  <testcase name="testToString" classname="ua.lviv.iot.algo.part1.lab1.GardenTest" time="0.001"/>
  <testcase name="testGetArea" classname="ua.lviv.iot.algo.part1.lab1.GardenTest" time="0.002"/>
  <testcase name="testHasOrchard" classname="ua.lviv.iot.algo.part1.lab1.GardenTest" time="0.002"/>
  <testcase name="testGetInt" classname="ua.lviv.iot.algo.part1.lab1.GardenTest" time="0.001"/>
  <testcase name="setNumberOfFlowers" classname="ua.lviv.iot.algo.part1.lab1.GardenTest" time="0.001"/>
  <testcase name="testSetArea" classname="ua.lviv.iot.algo.part1.lab1.GardenTest" time="0.001"/>
</testsuite>